<?xml version="1.0" encoding="UTF-8"?>
<!-- Generated by org.testng.reporters.JUnitXMLReporter -->
<testsuite ignored="0" hostname="Avirals-MacBook-Air.local" failures="0" tests="3" name="Surefire test" time="20.438" errors="0" timestamp="2025-06-21T00:12:07 IST">
  <testcase classname="ReqResAutomation.postAPIAgeniticAITest" name="testLogin" time="1.424"/>
  <testcase classname="ReqResAutomation.postAPIAgeniticAITest" name="testLogin" time="0.419"/>
  <testcase classname="ReqResAutomation.postAPIAgeniticAITest" name="testLogin" time="0.479"/>
</testsuite> <!-- Surefire test -->
