<?xml version="1.0" encoding="UTF-8"?>
<testsuite xmlns:xsi="http://www.w3.org/2001/XMLSchema-instance" xsi:noNamespaceSchemaLocation="https://maven.apache.org/surefire/maven-surefire-plugin/xsd/surefire-test-report-3.0.xsd" version="3.0" name="ReqResAutomation.postAPIAgeniticAITest" time="20.714" tests="3" errors="0" skipped="0" failures="0">
  <properties>
[...]
</properties>
  <testcase name="testLogin[testuser@example.com, test1234](1)" classname="ReqResAutomation.postAPIAgeniticAITest" time="1.472">
    <system-out><![CDATA[User Input:Write a prompt to test and api which have email and password as input, write test cases accordingly, so that i can fetch my data also from prompt
Generated Prompt:Return a JSON array of test cases for the following API description: "Write a prompt to test and api which have email and password as input, write test cases accordingly, so that i can fetch my data also from prompt". Each test case should be a JSON object containing only relevant input fields. Return only the JSON array. Do not include explanations or extra text.
Raw JSON response:
[
  {
    "email": "testuser@example.com",
    "password": "test1234"
  },
  {
    "email": "another_testuser@example.com",
    "password": "another_test1234"
  },
  {
    "email": "correctUser@example.com",
    "password": "userPassword"
  }
]
Testing: {"password":"test1234","email":"testuser@example.com"}
Status: 400
Response: {"error":"user not found"}
--------------------------------------
]]></system-out>
    <system-err><![CDATA[SLF4J: Failed to load class "org.slf4j.impl.StaticLoggerBinder".
SLF4J: Defaulting to no-operation (NOP) logger implementation
SLF4J: See http://www.slf4j.org/codes.html#StaticLoggerBinder for further details.
]]></system-err>
  </testcase>
  <testcase name="testLogin[another_testuser@example.com, another_test1234](2)" classname="ReqResAutomation.postAPIAgeniticAITest" time="0.403">
    <system-out><![CDATA[Testing: {"password":"another_test1234","email":"another_testuser@example.com"}
Status: 400
Response: {"error":"user not found"}
--------------------------------------
]]></system-out>
  </testcase>
  <testcase name="testLogin[correctUser@example.com, userPassword](3)" classname="ReqResAutomation.postAPIAgeniticAITest" time="0.48">
    <system-out><![CDATA[Testing: {"password":"userPassword","email":"correctUser@example.com"}
Status: 400
Response: {"error":"user not found"}
--------------------------------------
]]></system-out>
  </testcase>
</testsuite>