<?xml version="1.0" encoding="UTF-8"?>
<testng-results ignored="0" total="3" passed="3" failed="0" skipped="0">
  <reporter-output>
  </reporter-output>
  <suite started-at="2025-06-21T00:11:46 IST" name="Surefire suite" finished-at="2025-06-21T00:12:07 IST" duration-ms="20438">
    <groups>
    </groups>
    <test started-at="2025-06-21T00:11:46 IST" name="Surefire test" finished-at="2025-06-21T00:12:07 IST" duration-ms="20438">
      <class name="ReqResAutomation.postAPIAgeniticAITest">
        <test-method is-config="true" signature="SetupSpec()[pri:0, instance:ReqResAutomation.postAPIAgeniticAITest@4738a206]" started-at="2025-06-21T00:11:46 IST" name="SetupSpec" finished-at="2025-06-21T00:11:46 IST" duration-ms="216" status="PASS">
          <reporter-output>
          </reporter-output>
        </test-method> <!-- SetupSpec -->
        <test-method signature="testLogin(java.lang.String,java.lang.String)[pri:0, instance:ReqResAutomation.postAPIAgeniticAITest@4738a206]" started-at="2025-06-21T00:12:04 IST" name="testLogin" description="Write a prompt to test and api which have email and password as input, write test cases accordingly, so that i can fetch my data also from prompt" data-provider="apiTestData" finished-at="2025-06-21T00:12:06 IST" duration-ms="1424" status="PASS">
          <params>
            <param index="0">
              <value>
                <![CDATA[testuser@example.com]]>
              </value>
            </param>
            <param index="1">
              <value>
                <![CDATA[test1234]]>
              </value>
            </param>
          </params>
          <reporter-output>
          </reporter-output>
        </test-method> <!-- testLogin -->
        <test-method signature="testLogin(java.lang.String,java.lang.String)[pri:0, instance:ReqResAutomation.postAPIAgeniticAITest@4738a206]" started-at="2025-06-21T00:12:06 IST" name="testLogin" description="Write a prompt to test and api which have email and password as input, write test cases accordingly, so that i can fetch my data also from prompt" data-provider="apiTestData" finished-at="2025-06-21T00:12:06 IST" duration-ms="419" status="PASS">
          <params>
            <param index="0">
              <value>
                <![CDATA[another_testuser@example.com]]>
              </value>
            </param>
            <param index="1">
              <value>
                <![CDATA[another_test1234]]>
              </value>
            </param>
          </params>
          <reporter-output>
          </reporter-output>
        </test-method> <!-- testLogin -->
        <test-method signature="testLogin(java.lang.String,java.lang.String)[pri:0, instance:ReqResAutomation.postAPIAgeniticAITest@4738a206]" started-at="2025-06-21T00:12:06 IST" name="testLogin" description="Write a prompt to test and api which have email and password as input, write test cases accordingly, so that i can fetch my data also from prompt" data-provider="apiTestData" finished-at="2025-06-21T00:12:07 IST" duration-ms="479" status="PASS">
          <params>
            <param index="0">
              <value>
                <![CDATA[correctUser@example.com]]>
              </value>
            </param>
            <param index="1">
              <value>
                <![CDATA[userPassword]]>
              </value>
            </param>
          </params>
          <reporter-output>
          </reporter-output>
        </test-method> <!-- testLogin -->
      </class> <!-- ReqResAutomation.postAPIAgeniticAITest -->
    </test> <!-- Surefire test -->
  </suite> <!-- Surefire suite -->
</testng-results>
